<?xml version="1.0" encoding="UTF-8"?>
<testng-results skipped="0" failed="0" ignored="0" total="1" passed="1">
  <reporter-output>
  </reporter-output>
  <suite name="Surefire suite" duration-ms="4677" started-at="2021-07-05T02:31:25 EDT" finished-at="2021-07-05T02:31:30 EDT">
    <groups>
      <group name="cucumber">
        <method signature="AbstractTestNGCucumberTests.runScenario(io.cucumber.testng.PickleWrapper, io.cucumber.testng.FeatureWrapper)[pri:0, instance:Test_Runner@65e2dbf3]" name="runScenario" class="io.cucumber.testng.AbstractTestNGCucumberTests"/>
      </group> <!-- cucumber -->
    </groups>
    <test name="Surefire test" duration-ms="4677" started-at="2021-07-05T02:31:25 EDT" finished-at="2021-07-05T02:31:30 EDT">
      <class name="Test_Runner">
        <test-method status="PASS" signature="setUpClass()[pri:0, instance:Test_Runner@65e2dbf3]" name="setUpClass" is-config="true" duration-ms="226" started-at="2021-07-05T02:31:25 EDT" finished-at="2021-07-05T02:31:25 EDT">
          <reporter-output>
          </reporter-output>
        </test-method> <!-- setUpClass -->
        <test-method status="PASS" signature="runScenario(io.cucumber.testng.PickleWrapper, io.cucumber.testng.FeatureWrapper)[pri:0, instance:Test_Runner@65e2dbf3]" name="runScenario" duration-ms="4372" started-at="2021-07-05T02:31:25 EDT" description="Runs Cucumber Scenarios" data-provider="scenarios" finished-at="2021-07-05T02:31:30 EDT">
          <params>
            <param index="0">
              <value>
                <![CDATA["As a user i can enter values in Gerkin syntax to use in the stepDef"]]>
              </value>
            </param>
            <param index="1">
              <value>
                <![CDATA["Optional[signup]"]]>
              </value>
            </param>
          </params>
          <reporter-output>
          </reporter-output>
        </test-method> <!-- runScenario -->
        <test-method status="PASS" signature="tearDownClass()[pri:0, instance:Test_Runner@65e2dbf3]" name="tearDownClass" is-config="true" duration-ms="54" started-at="2021-07-05T02:31:30 EDT" finished-at="2021-07-05T02:31:30 EDT">
          <reporter-output>
          </reporter-output>
        </test-method> <!-- tearDownClass -->
      </class> <!-- Test_Runner -->
    </test> <!-- Surefire test -->
  </suite> <!-- Surefire suite -->
</testng-results>
